<?xml version="1.0" encoding="utf-8"?><testsuites name="pytest tests"><testsuite name="pytest" errors="0" failures="0" skipped="0" tests="5" time="1.525" timestamp="2026-07-07T20:47:11.251797+00:00" hostname="agent-env-cbbc9df9-0eb4-497d-b206-24962d0bed22"><testcase classname="tests.backend_test" name="test_root" time="0.328" /><testcase classname="tests.backend_test" name="test_create_lead_and_persist" time="0.174" /><testcase classname="tests.backend_test" name="test_create_lead_minimal_no_company" time="0.155" /><testcase classname="tests.backend_test" name="test_create_lead_missing_required" time="0.104" /><testcase classname="tests.backend_test" name="test_get_leads_no_objectid" time="0.178" /></testsuite></testsuites>